<?xml version="1.0" encoding="UTF-8"?>
<testsuite xmlns:xsi="http://www.w3.org/2001/XMLSchema-instance" xsi:noNamespaceSchemaLocation="https://maven.apache.org/surefire/maven-surefire-plugin/xsd/surefire-test-report-3.0.xsd" version="3.0" name="fr.test.numbers.NumberWorkerTest" time="0.016" tests="14" errors="0" skipped="0" failures="0">
  <properties>
[...]
</properties>
  <testcase name="shouldReturnFalseForNotPrimes{int}[1]" classname="fr.test.numbers.NumberWorkerTest" time="0"/>
  <testcase name="shouldReturnFalseForNotPrimes{int}[2]" classname="fr.test.numbers.NumberWorkerTest" time="0"/>
  <testcase name="shouldReturnFalseForNotPrimes{int}[3]" classname="fr.test.numbers.NumberWorkerTest" time="0"/>
  <testcase name="shouldReturnTrueForPrimes{int}[1]" classname="fr.test.numbers.NumberWorkerTest" time="0"/>
  <testcase name="shouldReturnTrueForPrimes{int}[2]" classname="fr.test.numbers.NumberWorkerTest" time="0"/>
  <testcase name="shouldReturnTrueForPrimes{int}[3]" classname="fr.test.numbers.NumberWorkerTest" time="0"/>
  <testcase name="shouldReturnCorrectDigitsSum{int, int}[1]" classname="fr.test.numbers.NumberWorkerTest" time="0.001"/>
  <testcase name="shouldReturnCorrectDigitsSum{int, int}[2]" classname="fr.test.numbers.NumberWorkerTest" time="0"/>
  <testcase name="shouldReturnCorrectDigitsSum{int, int}[3]" classname="fr.test.numbers.NumberWorkerTest" time="0"/>
  <testcase name="shouldReturnCorrectDigitsSum{int, int}[4]" classname="fr.test.numbers.NumberWorkerTest" time="0.001"/>
  <testcase name="shouldReturnCorrectDigitsSum{int, int}[5]" classname="fr.test.numbers.NumberWorkerTest" time="0"/>
  <testcase name="shouldThrowIllegalArgumenExceptionForIncorrectNumbers{int}[1]" classname="fr.test.numbers.NumberWorkerTest" time="0.001"/>
  <testcase name="shouldThrowIllegalArgumenExceptionForIncorrectNumbers{int}[2]" classname="fr.test.numbers.NumberWorkerTest" time="0"/>
  <testcase name="shouldThrowIllegalArgumenExceptionForIncorrectNumbers{int}[3]" classname="fr.test.numbers.NumberWorkerTest" time="0"/>
</testsuite>